#
# There is insufficient memory for the Java Runtime Environment to continue.
# Native memory allocation (malloc) failed to allocate 248336 bytes. Error detail: Chunk::new
# Possible reasons:
#   The system is out of physical RAM or swap space
#   This process is running with CompressedOops enabled, and the Java Heap may be blocking the growth of the native heap
# Possible solutions:
#   Reduce memory load on the system
#   Increase physical memory or swap space
#   Check if swap backing store is full
#   Decrease Java heap size (-Xmx/-Xms)
#   Decrease number of Java threads
#   Decrease Java thread stack sizes (-Xss)
#   Set larger code cache with -XX:ReservedCodeCacheSize=
#   JVM is running with Zero Based Compressed Oops mode in which the Java heap is
#     placed in the first 32GB address space. The Java Heap base address is the
#     maximum limit for the native heap growth. Please use -XX:HeapBaseMinAddress
#     to set the Java Heap base and to place the Java Heap above 32GB virtual address.
# This output file may be truncated or incomplete.
#
#  Out of Memory Error (arena.cpp:149), pid=43164, tid=44140
#
# JRE version: Java(TM) SE Runtime Environment (23.0+37) (build 23+37-2369)
# Java VM: Java HotSpot(TM) 64-Bit Server VM (23+37-2369, mixed mode, sharing, tiered, compressed oops, compressed class ptrs, g1 gc, windows-amd64)
# No core dump will be written. Minidumps are not enabled by default on client versions of Windows
#

---------------  S U M M A R Y ------------

Command Line: --module-path=C:\Users\pc\.m2\repository\org\openjfx\javafx-base\23.0.1\javafx-base-23.0.1-win.jar;C:\Users\pc\.m2\repository\org\openjfx\javafx-base\23.0.1\javafx-base-23.0.1.jar;C:\Users\pc\.m2\repository\org\openjfx\javafx-controls\23.0.1\javafx-controls-23.0.1-win.jar;C:\Users\pc\.m2\repository\org\openjfx\javafx-controls\23.0.1\javafx-controls-23.0.1.jar;C:\Users\pc\.m2\repository\org\openjfx\javafx-fxml\23.0.1\javafx-fxml-23.0.1-win.jar;C:\Users\pc\.m2\repository\org\openjfx\javafx-fxml\23.0.1\javafx-fxml-23.0.1.jar;C:\Users\pc\.m2\repository\org\openjfx\javafx-graphics\23.0.1\javafx-graphics-23.0.1-win.jar;C:\Users\pc\.m2\repository\org\openjfx\javafx-graphics\23.0.1\javafx-graphics-23.0.1.jar;C:\Users\pc\.m2\repository\org\openjfx\javafx-media\23\javafx-media-23-win.jar;C:\Users\pc\.m2\repository\org\openjfx\javafx-media\23\javafx-media-23.jar;C:\Users\pc\.m2\repository\org\openjfx\javafx-web\23\javafx-web-23-win.jar;C:\Users\pc\.m2\repository\org\openjfx\javafx-web\23\javafx-web-23.jar --add-modules=javafx.base,javafx.controls,javafx.fxml,javafx.graphics,javafx.media,javafx.web tests.MainFx

Host: 11th Gen Intel(R) Core(TM) i7-11800H @ 2.30GHz, 16 cores, 15G,  Windows 11 , 64 bit Build 22621 (10.0.22621.4974)
Time: Mon Mar  3 01:14:41 2025 Afr. centrale Ouest elapsed time: 0.109614 seconds (0d 0h 0m 0s)

---------------  T H R E A D  ---------------

Current thread (0x00000180a5edf0b0):  JavaThread "C2 CompilerThread4" daemon [_thread_in_native, id=44140, stack(0x000000746a000000,0x000000746a100000) (1024K)]


Current CompileTask:
C2:109  389       4       jdk.internal.module.Checks::isTypeName (49 bytes)

Stack: [0x000000746a000000,0x000000746a100000]
Native frames: (J=compiled Java code, j=interpreted, Vv=VM code, C=native code)
V  [jvm.dll+0x6e08a9]  (no source info available)
V  [jvm.dll+0x87da63]  (no source info available)
V  [jvm.dll+0x87feee]  (no source info available)
V  [jvm.dll+0x8805c3]  (no source info available)
V  [jvm.dll+0x27aee6]  (no source info available)
V  [jvm.dll+0xbc06f]  (no source info available)
V  [jvm.dll+0xbc2cb]  (no source info available)
V  [jvm.dll+0x2ee94d]  (no source info available)
V  [jvm.dll+0x6063c9]  (no source info available)
V  [jvm.dll+0x24ddf2]  (no source info available)
V  [jvm.dll+0x24e1d5]  (no source info available)
V  [jvm.dll+0x246b54]  (no source info available)
V  [jvm.dll+0x243d04]  (no source info available)
V  [jvm.dll+0x1c33a0]  (no source info available)
V  [jvm.dll+0x253cf1]  (no source info available)
V  [jvm.dll+0x251faa]  (no source info available)
V  [jvm.dll+0x3ee036]  (no source info available)
V  [jvm.dll+0x824f1b]  (no source info available)
V  [jvm.dll+0x6df055]  (no source info available)
C  [ucrtbase.dll+0x29333]  (no source info available)
C  [KERNEL32.DLL+0x1259d]  (no source info available)
C  [ntdll.dll+0x5af38]  (no source info available)

Lock stack of current Java thread (top to bottom):


---------------  P R O C E S S  ---------------

Threads class SMR info:
_java_thread_list=0x00000180ec18ee60, length=18, elements={
0x00000180847f5050, 0x00000180a5ecf320, 0x00000180a5ed0330, 0x00000180a5ed21f0,
0x00000180a5ed4e80, 0x00000180a5ed5f10, 0x00000180a5ed6b90, 0x00000180a5ed9e30,
0x00000180a5edba30, 0x00000180a5edc7d0, 0x00000180a6c0afb0, 0x00000180a5edd570,
0x00000180a5eddc40, 0x00000180a5ede310, 0x00000180a5edc100, 0x00000180a5edcea0,
0x00000180a5edf0b0, 0x00000180ec485400
}

Java Threads: ( => current thread )
  0x00000180847f5050 JavaThread "main"                              [_thread_in_vm, id=29732, stack(0x0000007468900000,0x0000007468a00000) (1024K)]
  0x00000180a5ecf320 JavaThread "Reference Handler"          daemon [_thread_blocked, id=40476, stack(0x0000007469100000,0x0000007469200000) (1024K)]
  0x00000180a5ed0330 JavaThread "Finalizer"                  daemon [_thread_blocked, id=43396, stack(0x0000007469200000,0x0000007469300000) (1024K)]
  0x00000180a5ed21f0 JavaThread "Signal Dispatcher"          daemon [_thread_blocked, id=40904, stack(0x0000007469300000,0x0000007469400000) (1024K)]
  0x00000180a5ed4e80 JavaThread "Attach Listener"            daemon [_thread_blocked, id=29476, stack(0x0000007469400000,0x0000007469500000) (1024K)]
  0x00000180a5ed5f10 JavaThread "Service Thread"             daemon [_thread_blocked, id=44680, stack(0x0000007469500000,0x0000007469600000) (1024K)]
  0x00000180a5ed6b90 JavaThread "Monitor Deflation Thread"   daemon [_thread_blocked, id=37608, stack(0x0000007469600000,0x0000007469700000) (1024K)]
  0x00000180a5ed9e30 JavaThread "C2 CompilerThread0"         daemon [_thread_blocked, id=25820, stack(0x0000007469700000,0x0000007469800000) (1024K)]
  0x00000180a5edba30 JavaThread "C1 CompilerThread0"         daemon [_thread_blocked, id=33780, stack(0x0000007469800000,0x0000007469900000) (1024K)]
  0x00000180a5edc7d0 JavaThread "C1 CompilerThread1"         daemon [_thread_blocked, id=38540, stack(0x0000007469900000,0x0000007469a00000) (1024K)]
  0x00000180a6c0afb0 JavaThread "Common-Cleaner"             daemon [_thread_blocked, id=42484, stack(0x0000007469a00000,0x0000007469b00000) (1024K)]
  0x00000180a5edd570 JavaThread "C2 CompilerThread1"         daemon [_thread_blocked, id=16208, stack(0x0000007469b00000,0x0000007469c00000) (1024K)]
  0x00000180a5eddc40 JavaThread "C1 CompilerThread2"         daemon [_thread_blocked, id=36888, stack(0x0000007469c00000,0x0000007469d00000) (1024K)]
  0x00000180a5ede310 JavaThread "C1 CompilerThread3"         daemon [_thread_blocked, id=17468, stack(0x0000007469d00000,0x0000007469e00000) (1024K)]
  0x00000180a5edc100 JavaThread "C2 CompilerThread2"         daemon [_thread_blocked, id=41460, stack(0x0000007469e00000,0x0000007469f00000) (1024K)]
  0x00000180a5edcea0 JavaThread "C2 CompilerThread3"         daemon [_thread_blocked, id=36028, stack(0x0000007469f00000,0x000000746a000000) (1024K)]
=>0x00000180a5edf0b0 JavaThread "C2 CompilerThread4"         daemon [_thread_in_native, id=44140, stack(0x000000746a000000,0x000000746a100000) (1024K)]
  0x00000180ec485400 JavaThread "Notification Thread"        daemon [_thread_blocked, id=19632, stack(0x000000746a100000,0x000000746a200000) (1024K)]
Total: 18

Other Threads:
  0x00000180a5eb8a80 VMThread "VM Thread"                           [id=42932, stack(0x0000007469000000,0x0000007469100000) (1024K)]
  0x00000180a5ea5300 WatcherThread "VM Periodic Task Thread"        [id=45112, stack(0x0000007468f00000,0x0000007469000000) (1024K)]
  0x0000018086c0ae80 WorkerThread "GC Thread#0"                     [id=14952, stack(0x0000007468a00000,0x0000007468b00000) (1024K)]
  0x0000018086c1f8f0 ConcurrentGCThread "G1 Main Marker"            [id=35704, stack(0x0000007468b00000,0x0000007468c00000) (1024K)]
  0x0000018086c205b0 WorkerThread "G1 Conc#0"                       [id=45920, stack(0x0000007468c00000,0x0000007468d00000) (1024K)]
  0x00000180a5d7b090 ConcurrentGCThread "G1 Refine#0"               [id=17320, stack(0x0000007468d00000,0x0000007468e00000) (1024K)]
  0x00000180a5d7b8c0 ConcurrentGCThread "G1 Service"                [id=41304, stack(0x0000007468e00000,0x0000007468f00000) (1024K)]
Total: 7

Threads with active compile tasks:
C2 CompilerThread4  135  389       4       jdk.internal.module.Checks::isTypeName (49 bytes)
Total: 1

VM state: not at safepoint (normal execution)

VM Mutex/Monitor currently owned by a thread:  ([mutex/lock_event])
[0x00007ffc19021890] Metaspace_lock - owner thread: 0x00000180847f5050

Heap address: 0x0000000704a00000, size: 4022 MB, Compressed Oops mode: Zero based, Oop shift amount: 3

CDS archive(s) mapped at: [0x00000180a7000000-0x00000180a7d70000-0x00000180a7d70000), size 14090240, SharedBaseAddress: 0x00000180a7000000, ArchiveRelocationMode: 1.
Compressed class space mapped at: 0x00000180a8000000-0x00000180e8000000, reserved size: 1073741824
Narrow klass base: 0x00000180a7000000, Narrow klass shift: 0, Narrow klass range: 0x41000000

GC Precious Log:
 CardTable entry size: 512
 Card Set container configuration: InlinePtr #cards 4 size 8 Array Of Cards #cards 16 size 48 Howl #buckets 8 coarsen threshold 3686 Howl Bitmap #cards 512 size 80 coarsen threshold 460 Card regions per heap region 1 cards per card region 4096
 CPUs: 16 total, 16 available
 Memory: 16085M
 Large Page Support: Disabled
 NUMA Support: Disabled
 Compressed Oops: Enabled (Zero based)
 Heap Region Size: 2M
 Heap Min Capacity: 8M
 Heap Initial Capacity: 252M
 Heap Max Capacity: 4022M
 Pre-touch: Disabled
 Parallel Workers: 13
 Concurrent Workers: 3
 Concurrent Refinement Workers: 13
 Periodic GC: Disabled

Heap:
 garbage-first heap   total reserved 4118528K, committed 258048K, used 10240K [0x0000000704a00000, 0x0000000800000000)
  region size 2048K, 6 young (12288K), 0 survivors (0K)
 Metaspace       used 1117K, committed 1216K, reserved 1114112K
  class space    used 103K, committed 192K, reserved 1048576K

Heap Regions: E=young(eden), S=young(survivor), O=old, HS=humongous(starts), HC=humongous(continues), CS=collection set, F=free, TAMS=top-at-mark-start, PB=parsable bottom
|   0|0x0000000704a00000, 0x0000000704a00000, 0x0000000704c00000|  0%| F|  |TAMS 0x0000000704a00000| PB 0x0000000704a00000| Untracked |  0
|   1|0x0000000704c00000, 0x0000000704c00000, 0x0000000704e00000|  0%| F|  |TAMS 0x0000000704c00000| PB 0x0000000704c00000| Untracked |  0
|   2|0x0000000704e00000, 0x0000000704e00000, 0x0000000705000000|  0%| F|  |TAMS 0x0000000704e00000| PB 0x0000000704e00000| Untracked |  0
|   3|0x0000000705000000, 0x0000000705000000, 0x0000000705200000|  0%| F|  |TAMS 0x0000000705000000| PB 0x0000000705000000| Untracked |  0
|   4|0x0000000705200000, 0x0000000705200000, 0x0000000705400000|  0%| F|  |TAMS 0x0000000705200000| PB 0x0000000705200000| Untracked |  0
|   5|0x0000000705400000, 0x0000000705400000, 0x0000000705600000|  0%| F|  |TAMS 0x0000000705400000| PB 0x0000000705400000| Untracked |  0
|   6|0x0000000705600000, 0x0000000705600000, 0x0000000705800000|  0%| F|  |TAMS 0x0000000705600000| PB 0x0000000705600000| Untracked |  0
|   7|0x0000000705800000, 0x0000000705800000, 0x0000000705a00000|  0%| F|  |TAMS 0x0000000705800000| PB 0x0000000705800000| Untracked |  0
|   8|0x0000000705a00000, 0x0000000705a00000, 0x0000000705c00000|  0%| F|  |TAMS 0x0000000705a00000| PB 0x0000000705a00000| Untracked |  0
|   9|0x0000000705c00000, 0x0000000705c00000, 0x0000000705e00000|  0%| F|  |TAMS 0x0000000705c00000| PB 0x0000000705c00000| Untracked |  0
|  10|0x0000000705e00000, 0x0000000705e00000, 0x0000000706000000|  0%| F|  |TAMS 0x0000000705e00000| PB 0x0000000705e00000| Untracked |  0
|  11|0x0000000706000000, 0x0000000706000000, 0x0000000706200000|  0%| F|  |TAMS 0x0000000706000000| PB 0x0000000706000000| Untracked |  0
|  12|0x0000000706200000, 0x0000000706200000, 0x0000000706400000|  0%| F|  |TAMS 0x0000000706200000| PB 0x0000000706200000| Untracked |  0
|  13|0x0000000706400000, 0x0000000706400000, 0x0000000706600000|  0%| F|  |TAMS 0x0000000706400000| PB 0x0000000706400000| Untracked |  0
|  14|0x0000000706600000, 0x0000000706600000, 0x0000000706800000|  0%| F|  |TAMS 0x0000000706600000| PB 0x0000000706600000| Untracked |  0
|  15|0x0000000706800000, 0x0000000706800000, 0x0000000706a00000|  0%| F|  |TAMS 0x0000000706800000| PB 0x0000000706800000| Untracked |  0
|  16|0x0000000706a00000, 0x0000000706a00000, 0x0000000706c00000|  0%| F|  |TAMS 0x0000000706a00000| PB 0x0000000706a00000| Untracked |  0
|  17|0x0000000706c00000, 0x0000000706c00000, 0x0000000706e00000|  0%| F|  |TAMS 0x0000000706c00000| PB 0x0000000706c00000| Untracked |  0
|  18|0x0000000706e00000, 0x0000000706e00000, 0x0000000707000000|  0%| F|  |TAMS 0x0000000706e00000| PB 0x0000000706e00000| Untracked |  0
|  19|0x0000000707000000, 0x0000000707000000, 0x0000000707200000|  0%| F|  |TAMS 0x0000000707000000| PB 0x0000000707000000| Untracked |  0
|  20|0x0000000707200000, 0x0000000707200000, 0x0000000707400000|  0%| F|  |TAMS 0x0000000707200000| PB 0x0000000707200000| Untracked |  0
|  21|0x0000000707400000, 0x0000000707400000, 0x0000000707600000|  0%| F|  |TAMS 0x0000000707400000| PB 0x0000000707400000| Untracked |  0
|  22|0x0000000707600000, 0x0000000707600000, 0x0000000707800000|  0%| F|  |TAMS 0x0000000707600000| PB 0x0000000707600000| Untracked |  0
|  23|0x0000000707800000, 0x0000000707800000, 0x0000000707a00000|  0%| F|  |TAMS 0x0000000707800000| PB 0x0000000707800000| Untracked |  0
|  24|0x0000000707a00000, 0x0000000707a00000, 0x0000000707c00000|  0%| F|  |TAMS 0x0000000707a00000| PB 0x0000000707a00000| Untracked |  0
|  25|0x0000000707c00000, 0x0000000707c00000, 0x0000000707e00000|  0%| F|  |TAMS 0x0000000707c00000| PB 0x0000000707c00000| Untracked |  0
|  26|0x0000000707e00000, 0x0000000707e00000, 0x0000000708000000|  0%| F|  |TAMS 0x0000000707e00000| PB 0x0000000707e00000| Untracked |  0
|  27|0x0000000708000000, 0x0000000708000000, 0x0000000708200000|  0%| F|  |TAMS 0x0000000708000000| PB 0x0000000708000000| Untracked |  0
|  28|0x0000000708200000, 0x0000000708200000, 0x0000000708400000|  0%| F|  |TAMS 0x0000000708200000| PB 0x0000000708200000| Untracked |  0
|  29|0x0000000708400000, 0x0000000708400000, 0x0000000708600000|  0%| F|  |TAMS 0x0000000708400000| PB 0x0000000708400000| Untracked |  0
|  30|0x0000000708600000, 0x0000000708600000, 0x0000000708800000|  0%| F|  |TAMS 0x0000000708600000| PB 0x0000000708600000| Untracked |  0
|  31|0x0000000708800000, 0x0000000708800000, 0x0000000708a00000|  0%| F|  |TAMS 0x0000000708800000| PB 0x0000000708800000| Untracked |  0
|  32|0x0000000708a00000, 0x0000000708a00000, 0x0000000708c00000|  0%| F|  |TAMS 0x0000000708a00000| PB 0x0000000708a00000| Untracked |  0
|  33|0x0000000708c00000, 0x0000000708c00000, 0x0000000708e00000|  0%| F|  |TAMS 0x0000000708c00000| PB 0x0000000708c00000| Untracked |  0
|  34|0x0000000708e00000, 0x0000000708e00000, 0x0000000709000000|  0%| F|  |TAMS 0x0000000708e00000| PB 0x0000000708e00000| Untracked |  0
|  35|0x0000000709000000, 0x0000000709000000, 0x0000000709200000|  0%| F|  |TAMS 0x0000000709000000| PB 0x0000000709000000| Untracked |  0
|  36|0x0000000709200000, 0x0000000709200000, 0x0000000709400000|  0%| F|  |TAMS 0x0000000709200000| PB 0x0000000709200000| Untracked |  0
|  37|0x0000000709400000, 0x0000000709400000, 0x0000000709600000|  0%| F|  |TAMS 0x0000000709400000| PB 0x0000000709400000| Untracked |  0
|  38|0x0000000709600000, 0x0000000709600000, 0x0000000709800000|  0%| F|  |TAMS 0x0000000709600000| PB 0x0000000709600000| Untracked |  0
|  39|0x0000000709800000, 0x0000000709800000, 0x0000000709a00000|  0%| F|  |TAMS 0x0000000709800000| PB 0x0000000709800000| Untracked |  0
|  40|0x0000000709a00000, 0x0000000709a00000, 0x0000000709c00000|  0%| F|  |TAMS 0x0000000709a00000| PB 0x0000000709a00000| Untracked |  0
|  41|0x0000000709c00000, 0x0000000709c00000, 0x0000000709e00000|  0%| F|  |TAMS 0x0000000709c00000| PB 0x0000000709c00000| Untracked |  0
|  42|0x0000000709e00000, 0x0000000709e00000, 0x000000070a000000|  0%| F|  |TAMS 0x0000000709e00000| PB 0x0000000709e00000| Untracked |  0
|  43|0x000000070a000000, 0x000000070a000000, 0x000000070a200000|  0%| F|  |TAMS 0x000000070a000000| PB 0x000000070a000000| Untracked |  0
|  44|0x000000070a200000, 0x000000070a200000, 0x000000070a400000|  0%| F|  |TAMS 0x000000070a200000| PB 0x000000070a200000| Untracked |  0
|  45|0x000000070a400000, 0x000000070a400000, 0x000000070a600000|  0%| F|  |TAMS 0x000000070a400000| PB 0x000000070a400000| Untracked |  0
|  46|0x000000070a600000, 0x000000070a600000, 0x000000070a800000|  0%| F|  |TAMS 0x000000070a600000| PB 0x000000070a600000| Untracked |  0
|  47|0x000000070a800000, 0x000000070a800000, 0x000000070aa00000|  0%| F|  |TAMS 0x000000070a800000| PB 0x000000070a800000| Untracked |  0
|  48|0x000000070aa00000, 0x000000070aa00000, 0x000000070ac00000|  0%| F|  |TAMS 0x000000070aa00000| PB 0x000000070aa00000| Untracked |  0
|  49|0x000000070ac00000, 0x000000070ac00000, 0x000000070ae00000|  0%| F|  |TAMS 0x000000070ac00000| PB 0x000000070ac00000| Untracked |  0
|  50|0x000000070ae00000, 0x000000070ae00000, 0x000000070b000000|  0%| F|  |TAMS 0x000000070ae00000| PB 0x000000070ae00000| Untracked |  0
|  51|0x000000070b000000, 0x000000070b000000, 0x000000070b200000|  0%| F|  |TAMS 0x000000070b000000| PB 0x000000070b000000| Untracked |  0
|  52|0x000000070b200000, 0x000000070b200000, 0x000000070b400000|  0%| F|  |TAMS 0x000000070b200000| PB 0x000000070b200000| Untracked |  0
|  53|0x000000070b400000, 0x000000070b400000, 0x000000070b600000|  0%| F|  |TAMS 0x000000070b400000| PB 0x000000070b400000| Untracked |  0
|  54|0x000000070b600000, 0x000000070b600000, 0x000000070b800000|  0%| F|  |TAMS 0x000000070b600000| PB 0x000000070b600000| Untracked |  0
|  55|0x000000070b800000, 0x000000070b800000, 0x000000070ba00000|  0%| F|  |TAMS 0x000000070b800000| PB 0x000000070b800000| Untracked |  0
|  56|0x000000070ba00000, 0x000000070ba00000, 0x000000070bc00000|  0%| F|  |TAMS 0x000000070ba00000| PB 0x000000070ba00000| Untracked |  0
|  57|0x000000070bc00000, 0x000000070bc00000, 0x000000070be00000|  0%| F|  |TAMS 0x000000070bc00000| PB 0x000000070bc00000| Untracked |  0
|  58|0x000000070be00000, 0x000000070be00000, 0x000000070c000000|  0%| F|  |TAMS 0x000000070be00000| PB 0x000000070be00000| Untracked |  0
|  59|0x000000070c000000, 0x000000070c000000, 0x000000070c200000|  0%| F|  |TAMS 0x000000070c000000| PB 0x000000070c000000| Untracked |  0
|  60|0x000000070c200000, 0x000000070c200000, 0x000000070c400000|  0%| F|  |TAMS 0x000000070c200000| PB 0x000000070c200000| Untracked |  0
|  61|0x000000070c400000, 0x000000070c400000, 0x000000070c600000|  0%| F|  |TAMS 0x000000070c400000| PB 0x000000070c400000| Untracked |  0
|  62|0x000000070c600000, 0x000000070c600000, 0x000000070c800000|  0%| F|  |TAMS 0x000000070c600000| PB 0x000000070c600000| Untracked |  0
|  63|0x000000070c800000, 0x000000070c800000, 0x000000070ca00000|  0%| F|  |TAMS 0x000000070c800000| PB 0x000000070c800000| Untracked |  0
|  64|0x000000070ca00000, 0x000000070ca00000, 0x000000070cc00000|  0%| F|  |TAMS 0x000000070ca00000| PB 0x000000070ca00000| Untracked |  0
|  65|0x000000070cc00000, 0x000000070cc00000, 0x000000070ce00000|  0%| F|  |TAMS 0x000000070cc00000| PB 0x000000070cc00000| Untracked |  0
|  66|0x000000070ce00000, 0x000000070ce00000, 0x000000070d000000|  0%| F|  |TAMS 0x000000070ce00000| PB 0x000000070ce00000| Untracked |  0
|  67|0x000000070d000000, 0x000000070d000000, 0x000000070d200000|  0%| F|  |TAMS 0x000000070d000000| PB 0x000000070d000000| Untracked |  0
|  68|0x000000070d200000, 0x000000070d200000, 0x000000070d400000|  0%| F|  |TAMS 0x000000070d200000| PB 0x000000070d200000| Untracked |  0
|  69|0x000000070d400000, 0x000000070d400000, 0x000000070d600000|  0%| F|  |TAMS 0x000000070d400000| PB 0x000000070d400000| Untracked |  0
|  70|0x000000070d600000, 0x000000070d600000, 0x000000070d800000|  0%| F|  |TAMS 0x000000070d600000| PB 0x000000070d600000| Untracked |  0
|  71|0x000000070d800000, 0x000000070d800000, 0x000000070da00000|  0%| F|  |TAMS 0x000000070d800000| PB 0x000000070d800000| Untracked |  0
|  72|0x000000070da00000, 0x000000070da00000, 0x000000070dc00000|  0%| F|  |TAMS 0x000000070da00000| PB 0x000000070da00000| Untracked |  0
|  73|0x000000070dc00000, 0x000000070dc00000, 0x000000070de00000|  0%| F|  |TAMS 0x000000070dc00000| PB 0x000000070dc00000| Untracked |  0
|  74|0x000000070de00000, 0x000000070de00000, 0x000000070e000000|  0%| F|  |TAMS 0x000000070de00000| PB 0x000000070de00000| Untracked |  0
|  75|0x000000070e000000, 0x000000070e000000, 0x000000070e200000|  0%| F|  |TAMS 0x000000070e000000| PB 0x000000070e000000| Untracked |  0
|  76|0x000000070e200000, 0x000000070e200000, 0x000000070e400000|  0%| F|  |TAMS 0x000000070e200000| PB 0x000000070e200000| Untracked |  0
|  77|0x000000070e400000, 0x000000070e400000, 0x000000070e600000|  0%| F|  |TAMS 0x000000070e400000| PB 0x000000070e400000| Untracked |  0
|  78|0x000000070e600000, 0x000000070e600000, 0x000000070e800000|  0%| F|  |TAMS 0x000000070e600000| PB 0x000000070e600000| Untracked |  0
|  79|0x000000070e800000, 0x000000070e800000, 0x000000070ea00000|  0%| F|  |TAMS 0x000000070e800000| PB 0x000000070e800000| Untracked |  0
|  80|0x000000070ea00000, 0x000000070ea00000, 0x000000070ec00000|  0%| F|  |TAMS 0x000000070ea00000| PB 0x000000070ea00000| Untracked |  0
|  81|0x000000070ec00000, 0x000000070ec00000, 0x000000070ee00000|  0%| F|  |TAMS 0x000000070ec00000| PB 0x000000070ec00000| Untracked |  0
|  82|0x000000070ee00000, 0x000000070ee00000, 0x000000070f000000|  0%| F|  |TAMS 0x000000070ee00000| PB 0x000000070ee00000| Untracked |  0
|  83|0x000000070f000000, 0x000000070f000000, 0x000000070f200000|  0%| F|  |TAMS 0x000000070f000000| PB 0x000000070f000000| Untracked |  0
|  84|0x000000070f200000, 0x000000070f200000, 0x000000070f400000|  0%| F|  |TAMS 0x000000070f200000| PB 0x000000070f200000| Untracked |  0
|  85|0x000000070f400000, 0x000000070f400000, 0x000000070f600000|  0%| F|  |TAMS 0x000000070f400000| PB 0x000000070f400000| Untracked |  0
|  86|0x000000070f600000, 0x000000070f600000, 0x000000070f800000|  0%| F|  |TAMS 0x000000070f600000| PB 0x000000070f600000| Untracked |  0
|  87|0x000000070f800000, 0x000000070f800000, 0x000000070fa00000|  0%| F|  |TAMS 0x000000070f800000| PB 0x000000070f800000| Untracked |  0
|  88|0x000000070fa00000, 0x000000070fa00000, 0x000000070fc00000|  0%| F|  |TAMS 0x000000070fa00000| PB 0x000000070fa00000| Untracked |  0
|  89|0x000000070fc00000, 0x000000070fc00000, 0x000000070fe00000|  0%| F|  |TAMS 0x000000070fc00000| PB 0x000000070fc00000| Untracked |  0
|  90|0x000000070fe00000, 0x000000070fe00000, 0x0000000710000000|  0%| F|  |TAMS 0x000000070fe00000| PB 0x000000070fe00000| Untracked |  0
|  91|0x0000000710000000, 0x0000000710000000, 0x0000000710200000|  0%| F|  |TAMS 0x0000000710000000| PB 0x0000000710000000| Untracked |  0
|  92|0x0000000710200000, 0x0000000710200000, 0x0000000710400000|  0%| F|  |TAMS 0x0000000710200000| PB 0x0000000710200000| Untracked |  0
|  93|0x0000000710400000, 0x0000000710400000, 0x0000000710600000|  0%| F|  |TAMS 0x0000000710400000| PB 0x0000000710400000| Untracked |  0
|  94|0x0000000710600000, 0x0000000710600000, 0x0000000710800000|  0%| F|  |TAMS 0x0000000710600000| PB 0x0000000710600000| Untracked |  0
|  95|0x0000000710800000, 0x0000000710800000, 0x0000000710a00000|  0%| F|  |TAMS 0x0000000710800000| PB 0x0000000710800000| Untracked |  0
|  96|0x0000000710a00000, 0x0000000710a00000, 0x0000000710c00000|  0%| F|  |TAMS 0x0000000710a00000| PB 0x0000000710a00000| Untracked |  0
|  97|0x0000000710c00000, 0x0000000710c00000, 0x0000000710e00000|  0%| F|  |TAMS 0x0000000710c00000| PB 0x0000000710c00000| Untracked |  0
|  98|0x0000000710e00000, 0x0000000710e00000, 0x0000000711000000|  0%| F|  |TAMS 0x0000000710e00000| PB 0x0000000710e00000| Untracked |  0
|  99|0x0000000711000000, 0x0000000711000000, 0x0000000711200000|  0%| F|  |TAMS 0x0000000711000000| PB 0x0000000711000000| Untracked |  0
| 100|0x0000000711200000, 0x0000000711200000, 0x0000000711400000|  0%| F|  |TAMS 0x0000000711200000| PB 0x0000000711200000| Untracked |  0
| 101|0x0000000711400000, 0x0000000711400000, 0x0000000711600000|  0%| F|  |TAMS 0x0000000711400000| PB 0x0000000711400000| Untracked |  0
| 102|0x0000000711600000, 0x0000000711600000, 0x0000000711800000|  0%| F|  |TAMS 0x0000000711600000| PB 0x0000000711600000| Untracked |  0
| 103|0x0000000711800000, 0x0000000711800000, 0x0000000711a00000|  0%| F|  |TAMS 0x0000000711800000| PB 0x0000000711800000| Untracked |  0
| 104|0x0000000711a00000, 0x0000000711a00000, 0x0000000711c00000|  0%| F|  |TAMS 0x0000000711a00000| PB 0x0000000711a00000| Untracked |  0
| 105|0x0000000711c00000, 0x0000000711c00000, 0x0000000711e00000|  0%| F|  |TAMS 0x0000000711c00000| PB 0x0000000711c00000| Untracked |  0
| 106|0x0000000711e00000, 0x0000000711e00000, 0x0000000712000000|  0%| F|  |TAMS 0x0000000711e00000| PB 0x0000000711e00000| Untracked |  0
| 107|0x0000000712000000, 0x0000000712000000, 0x0000000712200000|  0%| F|  |TAMS 0x0000000712000000| PB 0x0000000712000000| Untracked |  0
| 108|0x0000000712200000, 0x0000000712200000, 0x0000000712400000|  0%| F|  |TAMS 0x0000000712200000| PB 0x0000000712200000| Untracked |  0
| 109|0x0000000712400000, 0x0000000712400000, 0x0000000712600000|  0%| F|  |TAMS 0x0000000712400000| PB 0x0000000712400000| Untracked |  0
| 110|0x0000000712600000, 0x0000000712600000, 0x0000000712800000|  0%| F|  |TAMS 0x0000000712600000| PB 0x0000000712600000| Untracked |  0
| 111|0x0000000712800000, 0x0000000712800000, 0x0000000712a00000|  0%| F|  |TAMS 0x0000000712800000| PB 0x0000000712800000| Untracked |  0
| 112|0x0000000712a00000, 0x0000000712a00000, 0x0000000712c00000|  0%| F|  |TAMS 0x0000000712a00000| PB 0x0000000712a00000| Untracked |  0
| 113|0x0000000712c00000, 0x0000000712c00000, 0x0000000712e00000|  0%| F|  |TAMS 0x0000000712c00000| PB 0x0000000712c00000| Untracked |  0
| 114|0x0000000712e00000, 0x0000000712e00000, 0x0000000713000000|  0%| F|  |TAMS 0x0000000712e00000| PB 0x0000000712e00000| Untracked |  0
| 115|0x0000000713000000, 0x0000000713000000, 0x0000000713200000|  0%| F|  |TAMS 0x0000000713000000| PB 0x0000000713000000| Untracked |  0
| 116|0x0000000713200000, 0x0000000713200000, 0x0000000713400000|  0%| F|  |TAMS 0x0000000713200000| PB 0x0000000713200000| Untracked |  0
| 117|0x0000000713400000, 0x0000000713400000, 0x0000000713600000|  0%| F|  |TAMS 0x0000000713400000| PB 0x0000000713400000| Untracked |  0
| 118|0x0000000713600000, 0x0000000713600000, 0x0000000713800000|  0%| F|  |TAMS 0x0000000713600000| PB 0x0000000713600000| Untracked |  0
| 119|0x0000000713800000, 0x0000000713800000, 0x0000000713a00000|  0%| F|  |TAMS 0x0000000713800000| PB 0x0000000713800000| Untracked |  0
| 120|0x0000000713a00000, 0x0000000713afdc40, 0x0000000713c00000| 49%| E|  |TAMS 0x0000000713a00000| PB 0x0000000713a00000| Complete |  0
| 121|0x0000000713c00000, 0x0000000713e00000, 0x0000000713e00000|100%| E|CS|TAMS 0x0000000713c00000| PB 0x0000000713c00000| Complete |  0
| 122|0x0000000713e00000, 0x0000000714000000, 0x0000000714000000|100%| E|CS|TAMS 0x0000000713e00000| PB 0x0000000713e00000| Complete |  0
| 123|0x0000000714000000, 0x0000000714200000, 0x0000000714200000|100%| E|CS|TAMS 0x0000000714000000| PB 0x0000000714000000| Complete |  0
| 124|0x0000000714200000, 0x0000000714400000, 0x0000000714400000|100%| E|CS|TAMS 0x0000000714200000| PB 0x0000000714200000| Complete |  0
| 125|0x0000000714400000, 0x0000000714600000, 0x0000000714600000|100%| E|CS|TAMS 0x0000000714400000| PB 0x0000000714400000| Complete |  0

Card table byte_map: [0x000001809f340000,0x000001809fb20000] _byte_map_base: 0x000001809bb1b000

Marking Bits: (CMBitMap*) 0x0000018086c0b590
 Bits: [0x000001809fb20000, 0x00000180a39f8000)

Polling page: 0x0000018086360000

Metaspace:

Usage:
  Non-class:   1014.10 KB used.
      Class:    103.80 KB used.
       Both:      1.09 MB used.

Virtual space:
  Non-class space:       64.00 MB reserved,       1.00 MB (  2%) committed,  1 nodes.
      Class space:        1.00 GB reserved,     192.00 KB ( <1%) committed,  1 nodes.
             Both:        1.06 GB reserved,       1.19 MB ( <1%) committed. 

Chunk freelists:
   Non-Class:  11.62 MB
       Class:  15.67 MB
        Both:  27.30 MB

MaxMetaspaceSize: unlimited
CompressedClassSpaceSize: 1.00 GB
Initial GC threshold: 21.00 MB
Current GC threshold: 21.00 MB
CDS: on
 - commit_granule_bytes: 65536.
 - commit_granule_words: 8192.
 - virtual_space_node_default_size: 8388608.
 - enlarge_chunks_in_place: 1.
 - use_allocation_guard: 0.


Internal statistics:

num_allocs_failed_limit: 0.
num_arena_births: 24.
num_arena_deaths: 0.
num_vsnodes_births: 2.
num_vsnodes_deaths: 0.
num_space_committed: 19.
num_space_uncommitted: 0.
num_chunks_returned_to_freelist: 0.
num_chunks_taken_from_freelist: 45.
num_chunk_merges: 0.
num_chunk_splits: 34.
num_chunks_enlarged: 23.
num_inconsistent_stats: 0.

CodeHeap 'non-profiled nmethods': size=119232Kb used=177Kb max_used=177Kb free=119054Kb
 bounds [0x0000018096e60000, 0x00000180970d0000, 0x000001809e2d0000]
CodeHeap 'profiled nmethods': size=119104Kb used=564Kb max_used=564Kb free=118539Kb
 bounds [0x000001808f2d0000, 0x000001808f540000, 0x0000018096720000]
CodeHeap 'non-nmethods': size=7424Kb used=3087Kb max_used=3100Kb free=4336Kb
 bounds [0x0000018096720000, 0x0000018096a30000, 0x0000018096e60000]
CodeCache: size=245760Kb, used=3828Kb, max_used=3841Kb, free=241929Kb
 total_blobs=993, nmethods=567, adapters=329, full_count=0
Compilation: enabled, stopped_count=0, restarted_count=0

Compilation events (20 events):
Event: 0.101 Thread 0x00000180a5ede310 nmethod 478 0x0000018096e80508 code [0x0000018096e80620, 0x0000018096e806f0]
Event: 0.101 Thread 0x00000180a5edc7d0  481       3       java.lang.StringBuilder::<init> (7 bytes)
Event: 0.101 Thread 0x00000180a5edba30 nmethod 477 0x0000018096e80808 code [0x0000018096e80920, 0x0000018096e809f0]
Event: 0.102 Thread 0x00000180a5edc7d0 nmethod 481 0x000001808f348788 code [0x000001808f3488a0, 0x000001808f3489e0]
Event: 0.102 Thread 0x00000180a5edc100 nmethod 378 0x0000018096e80b08 code [0x0000018096e80c00, 0x0000018096e80c78]
Event: 0.102 Thread 0x00000180a5edba30  482       3       java.lang.AbstractStringBuilder::newCapacity (59 bytes)
Event: 0.102 Thread 0x00000180a5edc7d0  483       3       java.util.Arrays::copyOf (33 bytes)
Event: 0.102 Thread 0x00000180a5edc100  447       4       java.util.HashMap::newNode (13 bytes)
Event: 0.102 Thread 0x00000180a5edc7d0 nmethod 483 0x000001808f348a88 code [0x000001808f348bc0, 0x000001808f348fc8]
Event: 0.102 Thread 0x00000180a5edd570 nmethod 375 0x0000018096e80e08 code [0x0000018096e80f20, 0x0000018096e81008]
Event: 0.102 Thread 0x00000180a5edd570  398       4       java.util.HashMap::put (13 bytes)
Event: 0.102 Thread 0x00000180a5edba30 nmethod 482 0x000001808f349008 code [0x000001808f349160, 0x000001808f349518]
Event: 0.102 Thread 0x00000180a5edc7d0  484       3       java.lang.String::charAt (25 bytes)
Event: 0.103 Thread 0x00000180a5edc7d0 nmethod 484 0x000001808f349588 code [0x000001808f349700, 0x000001808f349c40]
Event: 0.104 Thread 0x00000180a5edc100 nmethod 447 0x0000018096e81108 code [0x0000018096e81200, 0x0000018096e81318]
Event: 0.104 Thread 0x00000180a5edc100  446       4       java.lang.module.ModuleDescriptor$Exports::isQualified (18 bytes)
Event: 0.106 Thread 0x00000180a5edc100 nmethod 446 0x0000018096e81408 code [0x0000018096e81520, 0x0000018096e815f0]
Event: 0.106 Thread 0x00000180a5edc100  416       4       java.util.HashSet::add (20 bytes)
Event: 0.108 Thread 0x00000180a5edc7d0  489       3       java.lang.String::substring (58 bytes)
Event: 0.109 Thread 0x00000180a5ede310  490       3       java.lang.StringLatin1::newString (24 bytes)

GC Heap History (0 events):
No events

Dll operation events (5 events):
Event: 0.006 Loaded shared library C:\Program Files\Java\jdk-23\bin\java.dll
Event: 0.028 Loaded shared library C:\Program Files\Java\jdk-23\bin\jsvml.dll
Event: 0.055 Loaded shared library C:\Program Files\Java\jdk-23\bin\net.dll
Event: 0.056 Loaded shared library C:\Program Files\Java\jdk-23\bin\nio.dll
Event: 0.058 Loaded shared library C:\Program Files\Java\jdk-23\bin\zip.dll

Deoptimization events (18 events):
Event: 0.082 Thread 0x00000180847f5050 DEOPT PACKING pc=0x000001808f31d0df sp=0x00000074689fdf30
Event: 0.082 Thread 0x00000180847f5050 DEOPT UNPACKING pc=0x00000180967784c2 sp=0x00000074689fd3c0 mode 0
Event: 0.094 Thread 0x00000180847f5050 Uncommon trap: trap_request=0xffffff45 fr.pc=0x0000018096e7774c relative=0x00000000000006cc
Event: 0.094 Thread 0x00000180847f5050 Uncommon trap: reason=unstable_if action=reinterpret pc=0x0000018096e7774c method=java.util.ImmutableCollections$SetN.probe(Ljava/lang/Object;)I @ 34 c2
Event: 0.094 Thread 0x00000180847f5050 DEOPT PACKING pc=0x0000018096e7774c sp=0x00000074689fee00
Event: 0.094 Thread 0x00000180847f5050 DEOPT UNPACKING pc=0x0000018096777982 sp=0x00000074689feda0 mode 2
Event: 0.098 Thread 0x00000180847f5050 Uncommon trap: trap_request=0xffffff45 fr.pc=0x0000018096e79d88 relative=0x0000000000000648
Event: 0.098 Thread 0x00000180847f5050 Uncommon trap: reason=unstable_if action=reinterpret pc=0x0000018096e79d88 method=java.lang.StringLatin1.newString([BII)Ljava/lang/String; @ 1 c2
Event: 0.098 Thread 0x00000180847f5050 DEOPT PACKING pc=0x0000018096e79d88 sp=0x00000074689fec50
Event: 0.098 Thread 0x00000180847f5050 DEOPT UNPACKING pc=0x0000018096777982 sp=0x00000074689febb0 mode 2
Event: 0.098 Thread 0x00000180847f5050 Uncommon trap: trap_request=0xffffff45 fr.pc=0x0000018096e79484 relative=0x0000000000000544
Event: 0.098 Thread 0x00000180847f5050 Uncommon trap: reason=unstable_if action=reinterpret pc=0x0000018096e79484 method=java.lang.StringLatin1.newString([BII)Ljava/lang/String; @ 1 c2
Event: 0.098 Thread 0x00000180847f5050 DEOPT PACKING pc=0x0000018096e79484 sp=0x00000074689febd0
Event: 0.098 Thread 0x00000180847f5050 DEOPT UNPACKING pc=0x0000018096777982 sp=0x00000074689febb0 mode 2
Event: 0.102 Thread 0x00000180847f5050 Uncommon trap: trap_request=0xffffff45 fr.pc=0x0000018096e62154 relative=0x00000000000000b4
Event: 0.102 Thread 0x00000180847f5050 Uncommon trap: reason=unstable_if action=reinterpret pc=0x0000018096e62154 method=java.lang.String.isLatin1()Z @ 10 c2
Event: 0.102 Thread 0x00000180847f5050 DEOPT PACKING pc=0x0000018096e62154 sp=0x00000074689ff0b0
Event: 0.102 Thread 0x00000180847f5050 DEOPT UNPACKING pc=0x0000018096777982 sp=0x00000074689feff0 mode 2

Classes loaded (20 events):
Event: 0.105 Loading class java/util/concurrent/locks/ReentrantReadWriteLock$Sync done
Event: 0.105 Loading class java/util/concurrent/locks/ReentrantReadWriteLock$NonfairSync done
Event: 0.105 Loading class java/util/concurrent/locks/ReentrantReadWriteLock$Sync$ThreadLocalHoldCounter
Event: 0.105 Loading class java/util/concurrent/locks/ReentrantReadWriteLock$Sync$ThreadLocalHoldCounter done
Event: 0.105 Loading class java/util/concurrent/locks/ReentrantReadWriteLock$ReadLock
Event: 0.105 Loading class java/util/concurrent/locks/ReentrantReadWriteLock$ReadLock done
Event: 0.105 Loading class java/util/concurrent/locks/ReentrantReadWriteLock$WriteLock
Event: 0.105 Loading class java/util/concurrent/locks/ReentrantReadWriteLock$WriteLock done
Event: 0.107 Loading class jdk/internal/module/ModulePatcher$PatchedModuleReader
Event: 0.107 Loading class jdk/internal/module/ModulePatcher$PatchedModuleReader done
Event: 0.107 Loading class sun/launcher/LauncherHelper$FXHelper
Event: 0.108 Loading class sun/launcher/LauncherHelper$FXHelper done
Event: 0.109 Loading class java/lang/InterruptedException
Event: 0.109 Loading class java/lang/InterruptedException done
Event: 0.109 Loading class java/lang/IllegalAccessException
Event: 0.109 Loading class java/lang/IllegalAccessException done
Event: 0.109 Loading class java/lang/reflect/InvocationTargetException
Event: 0.109 Loading class java/lang/reflect/InvocationTargetException done
Event: 0.109 Loading class java/io/IOException
Event: 0.109 Loading class java/io/IOException done

Classes unloaded (0 events):
No events

Classes redefined (0 events):
No events

Internal exceptions (0 events):
No events

VM Operations (4 events):
Event: 0.069 Executing VM operation: HandshakeAllThreads (Deoptimize)
Event: 0.069 Executing VM operation: HandshakeAllThreads (Deoptimize) done
Event: 0.093 Executing VM operation: HandshakeAllThreads (Deoptimize)
Event: 0.093 Executing VM operation: HandshakeAllThreads (Deoptimize) done

Memory protections (0 events):
No events

Nmethod flushes (0 events):
No events

Events (18 events):
Event: 0.018 Thread 0x00000180847f5050 Thread added: 0x00000180847f5050
Event: 0.026 Thread 0x00000180847f5050 Thread added: 0x00000180a5ecf320
Event: 0.026 Thread 0x00000180847f5050 Thread added: 0x00000180a5ed0330
Event: 0.026 Thread 0x00000180847f5050 Thread added: 0x00000180a5ed21f0
Event: 0.026 Thread 0x00000180847f5050 Thread added: 0x00000180a5ed4e80
Event: 0.026 Thread 0x00000180847f5050 Thread added: 0x00000180a5ed5f10
Event: 0.026 Thread 0x00000180847f5050 Thread added: 0x00000180a5ed6b90
Event: 0.027 Thread 0x00000180847f5050 Thread added: 0x00000180a5ed9e30
Event: 0.027 Thread 0x00000180847f5050 Thread added: 0x00000180a5edba30
Event: 0.029 Thread 0x00000180a5edba30 Thread added: 0x00000180a5edc7d0
Event: 0.049 Thread 0x00000180847f5050 Thread added: 0x00000180a6c0afb0
Event: 0.065 Thread 0x00000180a5edba30 Thread added: 0x00000180a5edd570
Event: 0.066 Thread 0x00000180a5edba30 Thread added: 0x00000180a5eddc40
Event: 0.066 Thread 0x00000180a5edba30 Thread added: 0x00000180a5ede310
Event: 0.076 Thread 0x00000180a5ede310 Thread added: 0x00000180a5edc100
Event: 0.077 Thread 0x00000180a5ede310 Thread added: 0x00000180a5edcea0
Event: 0.078 Thread 0x00000180a5edd570 Thread added: 0x00000180a5edf0b0
Event: 0.101 Thread 0x00000180847f5050 Thread added: 0x00000180ec485400


Dynamic libraries:
0x00007ff64eff0000 - 0x00007ff64f000000 	C:\Program Files\Java\jdk-23\bin\java.exe
0x00007ffcb8750000 - 0x00007ffcb8967000 	C:\WINDOWS\SYSTEM32\ntdll.dll
0x00007ffcb6b20000 - 0x00007ffcb6be4000 	C:\WINDOWS\System32\KERNEL32.DLL
0x00007ffcb6040000 - 0x00007ffcb6411000 	C:\WINDOWS\System32\KERNELBASE.dll
0x00007ffcb5b30000 - 0x00007ffcb5c41000 	C:\WINDOWS\System32\ucrtbase.dll
0x00007ffc9ae10000 - 0x00007ffc9ae27000 	C:\Program Files\Java\jdk-23\bin\jli.dll
0x00007ffc9adf0000 - 0x00007ffc9ae0b000 	C:\Program Files\Java\jdk-23\bin\VCRUNTIME140.dll
0x00007ffcb76b0000 - 0x00007ffcb7861000 	C:\WINDOWS\System32\USER32.dll
0x00007ffcb5910000 - 0x00007ffcb5936000 	C:\WINDOWS\System32\win32u.dll
0x00007ffcb8590000 - 0x00007ffcb85b9000 	C:\WINDOWS\System32\GDI32.dll
0x00007ffc9f6d0000 - 0x00007ffc9f962000 	C:\WINDOWS\WinSxS\amd64_microsoft.windows.common-controls_6595b64144ccf1df_6.0.22621.4830_none_270fe7d773858e80\COMCTL32.dll
0x00007ffcb5c50000 - 0x00007ffcb5d6b000 	C:\WINDOWS\System32\gdi32full.dll
0x00007ffcb5e30000 - 0x00007ffcb5eca000 	C:\WINDOWS\System32\msvcp_win.dll
0x00007ffcb78f0000 - 0x00007ffcb7997000 	C:\WINDOWS\System32\msvcrt.dll
0x00007ffcb85c0000 - 0x00007ffcb85f1000 	C:\WINDOWS\System32\IMM32.DLL
0x00007ffc9ade0000 - 0x00007ffc9adec000 	C:\Program Files\Java\jdk-23\bin\vcruntime140_1.dll
0x00007ffc73580000 - 0x00007ffc7360e000 	C:\Program Files\Java\jdk-23\bin\msvcp140.dll
0x00007ffc183b0000 - 0x00007ffc190ff000 	C:\Program Files\Java\jdk-23\bin\server\jvm.dll
0x00007ffcb6a60000 - 0x00007ffcb6b11000 	C:\WINDOWS\System32\ADVAPI32.dll
0x00007ffcb7a00000 - 0x00007ffcb7aa7000 	C:\WINDOWS\System32\sechost.dll
0x00007ffcb5b00000 - 0x00007ffcb5b28000 	C:\WINDOWS\System32\bcrypt.dll
0x00007ffcb82e0000 - 0x00007ffcb83f4000 	C:\WINDOWS\System32\RPCRT4.dll
0x00007ffcb7870000 - 0x00007ffcb78e1000 	C:\WINDOWS\System32\WS2_32.dll
0x00007ffcb50f0000 - 0x00007ffcb513d000 	C:\WINDOWS\SYSTEM32\POWRPROF.dll
0x00007ffca6890000 - 0x00007ffca68c4000 	C:\WINDOWS\SYSTEM32\WINMM.dll
0x00007ffcb1560000 - 0x00007ffcb156a000 	C:\WINDOWS\SYSTEM32\VERSION.dll
0x00007ffcb50d0000 - 0x00007ffcb50e3000 	C:\WINDOWS\SYSTEM32\UMPDC.dll
0x00007ffcb48a0000 - 0x00007ffcb48b8000 	C:\WINDOWS\SYSTEM32\kernel.appcore.dll
0x00007ffc9add0000 - 0x00007ffc9adda000 	C:\Program Files\Java\jdk-23\bin\jimage.dll
0x00007ffcb3270000 - 0x00007ffcb34a2000 	C:\WINDOWS\SYSTEM32\DBGHELP.DLL
0x00007ffcb66a0000 - 0x00007ffcb6a30000 	C:\WINDOWS\System32\combase.dll
0x00007ffcb8200000 - 0x00007ffcb82d7000 	C:\WINDOWS\System32\OLEAUT32.dll
0x00007ffca3b10000 - 0x00007ffca3b42000 	C:\WINDOWS\SYSTEM32\dbgcore.DLL
0x00007ffcb5890000 - 0x00007ffcb590b000 	C:\WINDOWS\System32\bcryptPrimitives.dll
0x00007ffc9adb0000 - 0x00007ffc9adce000 	C:\Program Files\Java\jdk-23\bin\java.dll
0x00007ffcb7b70000 - 0x00007ffcb7d11000 	C:\WINDOWS\System32\ole32.dll
0x00007ffcb6c60000 - 0x00007ffcb74e8000 	C:\WINDOWS\System32\SHELL32.dll
0x00007ffcb5940000 - 0x00007ffcb5a7f000 	C:\WINDOWS\System32\wintypes.dll
0x00007ffcb37a0000 - 0x00007ffcb40ac000 	C:\WINDOWS\SYSTEM32\windows.storage.dll
0x00007ffcb8400000 - 0x00007ffcb850a000 	C:\WINDOWS\System32\SHCORE.dll
0x00007ffcb79a0000 - 0x00007ffcb79fe000 	C:\WINDOWS\System32\shlwapi.dll
0x00007ffcb57c0000 - 0x00007ffcb57eb000 	C:\WINDOWS\SYSTEM32\profapi.dll
0x00007ffc712b0000 - 0x00007ffc71387000 	C:\Program Files\Java\jdk-23\bin\jsvml.dll
0x00007ffc9ada0000 - 0x00007ffc9adb0000 	C:\Program Files\Java\jdk-23\bin\net.dll
0x00007ffcb4d00000 - 0x00007ffcb4d6a000 	C:\WINDOWS\system32\mswsock.dll
0x00007ffc9ab80000 - 0x00007ffc9ab96000 	C:\Program Files\Java\jdk-23\bin\nio.dll
0x00007ffc9ab60000 - 0x00007ffc9ab77000 	C:\Program Files\Java\jdk-23\bin\zip.dll

dbghelp: loaded successfully - version: 4.0.5 - missing functions: none
symbol engine: initialized successfully - sym options: 0x614 - pdb path: .;C:\Program Files\Java\jdk-23\bin;C:\WINDOWS\SYSTEM32;C:\WINDOWS\WinSxS\amd64_microsoft.windows.common-controls_6595b64144ccf1df_6.0.22621.4830_none_270fe7d773858e80;C:\Program Files\Java\jdk-23\bin\server

VM Arguments:
jvm_args: --module-path=C:\Users\pc\.m2\repository\org\openjfx\javafx-base\23.0.1\javafx-base-23.0.1-win.jar;C:\Users\pc\.m2\repository\org\openjfx\javafx-base\23.0.1\javafx-base-23.0.1.jar;C:\Users\pc\.m2\repository\org\openjfx\javafx-controls\23.0.1\javafx-controls-23.0.1-win.jar;C:\Users\pc\.m2\repository\org\openjfx\javafx-controls\23.0.1\javafx-controls-23.0.1.jar;C:\Users\pc\.m2\repository\org\openjfx\javafx-fxml\23.0.1\javafx-fxml-23.0.1-win.jar;C:\Users\pc\.m2\repository\org\openjfx\javafx-fxml\23.0.1\javafx-fxml-23.0.1.jar;C:\Users\pc\.m2\repository\org\openjfx\javafx-graphics\23.0.1\javafx-graphics-23.0.1-win.jar;C:\Users\pc\.m2\repository\org\openjfx\javafx-graphics\23.0.1\javafx-graphics-23.0.1.jar;C:\Users\pc\.m2\repository\org\openjfx\javafx-media\23\javafx-media-23-win.jar;C:\Users\pc\.m2\repository\org\openjfx\javafx-media\23\javafx-media-23.jar;C:\Users\pc\.m2\repository\org\openjfx\javafx-web\23\javafx-web-23-win.jar;C:\Users\pc\.m2\repository\org\openjfx\javafx-web\23\javafx-web-23.jar --add-modules=javafx.base,javafx.controls,javafx.fxml,javafx.graphics,javafx.media,javafx.web 
java_command: tests.MainFx
java_class_path (initial): C:\Users\pc\Desktop\Projet PIDEV\HR360\target\classes;C:\Users\pc\.m2\repository\com\google\api-client\google-api-client\2.2.0\google-api-client-2.2.0.jar;C:\Users\pc\.m2\repository\com\google\apis\google-api-services-calendar\v3-rev20250115-2.0.0\google-api-services-calendar-v3-rev20250115-2.0.0.jar;C:\Users\pc\.m2\repository\com\google\auth\google-auth-library-credentials\1.19.0\google-auth-library-credentials-1.19.0.jar;C:\Users\pc\.m2\repository\com\google\auth\google-auth-library-oauth2-http\1.19.0\google-auth-library-oauth2-http-1.19.0.jar;C:\Users\pc\.m2\repository\com\google\auto\value\auto-value-annotations\1.10.1\auto-value-annotations-1.10.1.jar;C:\Users\pc\.m2\repository\com\google\code\findbugs\jsr305\3.0.2\jsr305-3.0.2.jar;C:\Users\pc\.m2\repository\com\google\code\gson\gson\2.10.1\gson-2.10.1.jar;C:\Users\pc\.m2\repository\com\google\errorprone\error_prone_annotations\2.11.0\error_prone_annotations-2.11.0.jar;C:\Users\pc\.m2\repository\com\google\guava\failureaccess\1.0.1\failureaccess-1.0.1.jar;C:\Users\pc\.m2\repository\com\google\guava\guava\31.1-jre\guava-31.1-jre.jar;C:\Users\pc\.m2\repository\com\google\guava\listenablefuture\9999.0-empty-to-avoid-conflict-with-guava\listenablefuture-9999.0-empty-to-avoid-conflict-with-guava.jar;C:\Users\pc\.m2\repository\com\google\http-client\google-http-client\1.42.3\google-http-client-1.42.3.jar;C:\Users\pc\.m2\repository\com\google\http-client\google-http-client-apache-v2\1.42.3\google-http-client-apache-v2-1.42.3.jar;C:\Users\pc\.m2\repository\com\google\http-client\google-http-client-gson\1.42.3\google-http-client-gson-1.42.3.jar;C:\Users\pc\.m2\repository\com\google\j2objc\j2objc-annotations\1.3\j2objc-annotations-1.3.jar;C:\Users\pc\.m2\repository\com\google\oauth-client\google-oauth-client\1.34.1\google-oauth-client-1.34.1.jar;C:\Users\pc\.m2\repository\com\google\oauth-client\google-oauth-client-java6\1.34.1\google-oauth-client-java6-1.34.1.jar;C:\Users\pc\.m2\repository\com\google\oauth-client\google-oauth-client-jetty\1.34.1\google-oauth-client-jetty-1.34.1.jar;C:\Users\pc\.m2\repository\com\google\protobuf\protobuf-java\3.21.9\protobuf-java-3.21.9.jar;C:\Users\pc\.m2\repository\com\jfoenix\jfoenix\9.0.10\jfoenix-9.0.10.jar;C:\Users\pc\.m2\repository\com\mysql\mysql-connector-j\8.0.33\mysql-connector-j-8.0.33.jar;C:\Users\pc\.m2\repository\commons-codec\commons-codec\1.15\commons-codec-1.15.jar;C:\Users\pc\.m2\repository\commons-logging\commons-logging\1.2\commons-logging-1.2.jar;C:\Users\pc\.m2\repository\de\jensd\fontawesomefx-commons\9.1.2\fontawesomefx-commons-9.1.2.jar;C:\Users\pc\.m2\repository\de\jensd\fontawesomefx-fontawesome\4.7.0-9.1.2\fontawesomefx-fontawesome-4.7.0-9.1.2.jar;C:\Users\pc\.m2\repository\de\jensd\fontawesomefx-icons525\4.2.0-9.1.2\fontawesomefx-icons525-4.2.0-9.1.2.jar;C:\Users\pc\.m2\repository\io\grpc\grpc-context\1.27.2\grpc-context-1.27.2.jar;C:\Users\pc\.m2\repository\io\opencensus\opencensus-api\0.31.1\opencensus-api-0.31.1.jar;C:\Users\pc\.m2\repository\io\opencensus\opencensus-contrib-http-util\0.31.1\opencensus-contrib-http-util-0.31.1.jar;C:\Users\pc\.m2\repository\org\apache\httpcomponents\httpclient\4.5.13\httpclient-4.5.13.jar;C:\Users\pc\.m2\repository\org\apache\httpcomponents\httpcore\4.4.16\httpcore-4.4.16.jar;C:\Users\pc\.m2\repository\org\checkerframework\checker-qual\3.12.0\checker-qual-3.12.0.jar;C:\Users\pc\.m2\repository\org\controlsfx\controlsfx\11.2.0\controlsfx-11.2.0.jar
Launcher Type: SUN_STANDARD

[Global flags]
     intx CICompilerCount                          = 12                                        {product} {ergonomic}
     uint ConcGCThreads                            = 3                                         {product} {ergonomic}
     uint G1ConcRefinementThreads                  = 13                                        {product} {ergonomic}
   size_t G1HeapRegionSize                         = 2097152                                   {product} {ergonomic}
   size_t InitialHeapSize                          = 264241152                                 {product} {ergonomic}
   size_t MarkStackSize                            = 4194304                                   {product} {ergonomic}
   size_t MarkStackSizeMax                         = 536870912                                 {product} {ergonomic}
   size_t MaxHeapSize                              = 4217372672                                {product} {ergonomic}
   size_t MaxNewSize                               = 2529165312                                {product} {ergonomic}
   size_t MinHeapDeltaBytes                        = 2097152                                   {product} {ergonomic}
   size_t MinHeapSize                              = 8388608                                   {product} {ergonomic}
    uintx NonNMethodCodeHeapSize                   = 7602176                                {pd product} {ergonomic}
    uintx NonProfiledCodeHeapSize                  = 122093568                              {pd product} {ergonomic}
    uintx ProfiledCodeHeapSize                     = 121962496                              {pd product} {ergonomic}
    uintx ReservedCodeCacheSize                    = 251658240                              {pd product} {ergonomic}
     bool SegmentedCodeCache                       = true                                      {product} {ergonomic}
   size_t SoftMaxHeapSize                          = 4217372672                             {manageable} {ergonomic}
     bool UseCompressedOops                        = true                           {product lp64_product} {ergonomic}
     bool UseG1GC                                  = true                                      {product} {ergonomic}
     bool UseLargePagesIndividualAllocation        = false                                  {pd product} {ergonomic}

Logging:
Log output configuration:
 #0: stdout all=warning uptime,level,tags foldmultilines=false
 #1: stderr all=off uptime,level,tags foldmultilines=false

Environment Variables:
PATH=C:\Program Files (x86)\VMware\VMware Workstation\bin\;C:\Program Files\Common Files\Oracle\Java\javapath;C:\oraclexe\app\oracle\product\11.2.0\server\bin;C:\PySchool\3.10-32-bit\Scripts;C:\PySchool\3.10-32-bit;C:\oraclexe\app\oracle\product\11.2.0\server\bin;C:\oraclexe\app\oracle\product\11.2.0\server\bin;C:\Program Files (x86)\Common Files\Intel\Shared Libraries\redist\intel64\compiler;C:\WINDOWS\system32;C:\WINDOWS;C:\WINDOWS\System32\Wbem;C:\WINDOWS\System32\WindowsPowerShell\v1.0\;C:\WINDOWS\System32\OpenSSH\;C:\Program Files (x86)\HI-TECH Software\PICC\LITE\9.60\bin;C:\Strawberry\c\bin;C:\Strawberry\perl\site\bin;C:\Strawberry\perl\bin;C:\oraclexe;C:\instantclient-12.2.0.1.0;C:\oraclexe\app\oracle\admin\XE;C:\xampp\php;C:\ProgramData\ComposerSetup\bin;C:\Program Files\Java\jdk-23\bin;C:\Program Files\Git\cmd;C:\Program Files (x86)\GnuWin32\bin;C:\Program Files\CodeBlocks\MinGW\bin;C:\Users\pc\scoop\shims;C:\Users\pc\AppData\Local\Microsoft\WindowsApps;C:\Users\pc\AppData\Local\Programs\Microsoft VS Code\bin;C:\Program Files\JetBrains\CLion 2023.3.4\bin;;C:\Program Files\JetBrains\IntelliJ IDEA 2024.2.1\bin;;C:\Users\pc\AppData\Roaming\Composer\vendor\bin
USERNAME=pc
OS=Windows_NT
PROCESSOR_IDENTIFIER=Intel64 Family 6 Model 141 Stepping 1, GenuineIntel
TMP=C:\Users\pc\AppData\Local\Temp
TEMP=C:\Users\pc\AppData\Local\Temp




Periodic native trim disabled

---------------  S Y S T E M  ---------------

OS:
 Windows 11 , 64 bit Build 22621 (10.0.22621.4974)
OS uptime: 4 days 12:36 hours
Hyper-V role detected

CPU: total 16 (initial active 16) (8 cores per cpu, 2 threads per core) family 6 model 141 stepping 1 microcode 0x34, cx8, cmov, fxsr, ht, mmx, 3dnowpref, sse, sse2, sse3, ssse3, sse4.1, sse4.2, popcnt, lzcnt, tsc, tscinvbit, avx, avx2, aes, erms, clmul, bmi1, bmi2, adx, avx512f, avx512dq, avx512cd, avx512bw, avx512vl, sha, fma, vzeroupper, avx512_vpopcntdq, avx512_vpclmulqdq, avx512_vaes, avx512_vnni, clflush, clflushopt, clwb, avx512_vbmi2, avx512_vbmi, hv, rdtscp, rdpid, fsrm, gfni, avx512_bitalg, f16c, cet_ibt, cet_ss, avx512_ifma
Processor Information for the first 16 processors :
  Max Mhz: 2304, Current Mhz: 2304, Mhz Limit: 2304

Memory: 4k page, system-wide physical 16085M (995M free)
TotalPageFile size 65237M (AvailPageFile size 4M)
current process WorkingSet (physical memory assigned to process): 56M, peak: 56M
current process commit charge ("private bytes"): 357M, peak: 358M

vm_info: Java HotSpot(TM) 64-Bit Server VM (23+37-2369) for windows-amd64 JRE (23+37-2369), built on 2024-08-20T16:01:23Z with MS VC++ 17.6 (VS2022)

END.
